2025-05-29 08:43:31,028 [INFO] startup: [START] GRADIO STARTUP SCRIPT STARTING
2025-05-29 08:43:31,028 [INFO] startup: Python version: 3.12.1 (tags/v3.12.1:2305ca5, Dec  7 2023, 22:03:25) [MSC v.1937 64 bit (AMD64)]
2025-05-29 08:43:31,028 [INFO] startup: Working directory: C:\Users\Devansh\Downloads\intern_application_round1
2025-05-29 08:43:31,028 [INFO] startup: Python path: ['C:\\Users\\Devansh\\Downloads\\intern_application_round1', 'C:\\Program Files\\Python312\\python312.zip', 'C:\\Program Files\\Python312\\DLLs']
2025-05-29 08:43:31,028 [INFO] startup: Changed to directory: C:\Users\Devansh\Downloads\intern_application_round1
2025-05-29 08:43:31,028 [INFO] startup: [IMPORT] Importing required modules...
2025-05-29 08:43:32,734 [DEBUG] PIL.Image: Importing BlpImagePlugin
2025-05-29 08:43:32,735 [DEBUG] PIL.Image: Importing BmpImagePlugin
2025-05-29 08:43:32,736 [DEBUG] PIL.Image: Importing BufrStubImagePlugin
2025-05-29 08:43:32,736 [DEBUG] PIL.Image: Importing CurImagePlugin
2025-05-29 08:43:32,736 [DEBUG] PIL.Image: Importing DcxImagePlugin
2025-05-29 08:43:32,737 [DEBUG] PIL.Image: Importing DdsImagePlugin
2025-05-29 08:43:32,739 [DEBUG] PIL.Image: Importing EpsImagePlugin
2025-05-29 08:43:32,740 [DEBUG] PIL.Image: Importing FitsImagePlugin
2025-05-29 08:43:32,740 [DEBUG] PIL.Image: Importing FliImagePlugin
2025-05-29 08:43:32,740 [DEBUG] PIL.Image: Importing FpxImagePlugin
2025-05-29 08:43:32,741 [DEBUG] PIL.Image: Image: failed to import FpxImagePlugin: No module named 'olefile'
2025-05-29 08:43:32,742 [DEBUG] PIL.Image: Importing FtexImagePlugin
2025-05-29 08:43:32,742 [DEBUG] PIL.Image: Importing GbrImagePlugin
2025-05-29 08:43:32,742 [DEBUG] PIL.Image: Importing GifImagePlugin
2025-05-29 08:43:32,744 [DEBUG] PIL.Image: Importing GribStubImagePlugin
2025-05-29 08:43:32,744 [DEBUG] PIL.Image: Importing Hdf5StubImagePlugin
2025-05-29 08:43:32,745 [DEBUG] PIL.Image: Importing IcnsImagePlugin
2025-05-29 08:43:32,746 [DEBUG] PIL.Image: Importing IcoImagePlugin
2025-05-29 08:43:32,747 [DEBUG] PIL.Image: Importing ImImagePlugin
2025-05-29 08:43:32,747 [DEBUG] PIL.Image: Importing ImtImagePlugin
2025-05-29 08:43:32,747 [DEBUG] PIL.Image: Importing IptcImagePlugin
2025-05-29 08:43:32,748 [DEBUG] PIL.Image: Importing JpegImagePlugin
2025-05-29 08:43:32,749 [DEBUG] PIL.Image: Importing Jpeg2KImagePlugin
2025-05-29 08:43:32,749 [DEBUG] PIL.Image: Importing McIdasImagePlugin
2025-05-29 08:43:32,749 [DEBUG] PIL.Image: Importing MicImagePlugin
2025-05-29 08:43:32,750 [DEBUG] PIL.Image: Image: failed to import MicImagePlugin: No module named 'olefile'
2025-05-29 08:43:32,750 [DEBUG] PIL.Image: Importing MpegImagePlugin
2025-05-29 08:43:32,751 [DEBUG] PIL.Image: Importing MpoImagePlugin
2025-05-29 08:43:32,753 [DEBUG] PIL.Image: Importing MspImagePlugin
2025-05-29 08:43:32,753 [DEBUG] PIL.Image: Importing PalmImagePlugin
2025-05-29 08:43:32,753 [DEBUG] PIL.Image: Importing PcdImagePlugin
2025-05-29 08:43:32,754 [DEBUG] PIL.Image: Importing PcxImagePlugin
2025-05-29 08:43:32,754 [DEBUG] PIL.Image: Importing PdfImagePlugin
2025-05-29 08:43:32,757 [DEBUG] PIL.Image: Importing PixarImagePlugin
2025-05-29 08:43:32,757 [DEBUG] PIL.Image: Importing PngImagePlugin
2025-05-29 08:43:32,757 [DEBUG] PIL.Image: Importing PpmImagePlugin
2025-05-29 08:43:32,757 [DEBUG] PIL.Image: Importing PsdImagePlugin
2025-05-29 08:43:32,758 [DEBUG] PIL.Image: Importing QoiImagePlugin
2025-05-29 08:43:32,758 [DEBUG] PIL.Image: Importing SgiImagePlugin
2025-05-29 08:43:32,759 [DEBUG] PIL.Image: Importing SpiderImagePlugin
2025-05-29 08:43:32,759 [DEBUG] PIL.Image: Importing SunImagePlugin
2025-05-29 08:43:32,760 [DEBUG] PIL.Image: Importing TgaImagePlugin
2025-05-29 08:43:32,760 [DEBUG] PIL.Image: Importing TiffImagePlugin
2025-05-29 08:43:32,760 [DEBUG] PIL.Image: Importing WebPImagePlugin
2025-05-29 08:43:32,761 [DEBUG] PIL.Image: Importing WmfImagePlugin
2025-05-29 08:43:32,762 [DEBUG] PIL.Image: Importing XbmImagePlugin
2025-05-29 08:43:32,762 [DEBUG] PIL.Image: Importing XpmImagePlugin
2025-05-29 08:43:32,763 [DEBUG] PIL.Image: Importing XVThumbImagePlugin
2025-05-29 08:43:33,818 [INFO] startup: [OK] Gradio imported successfully: 5.29.0
2025-05-29 08:43:33,818 [INFO] startup: [OK] Pandas imported: 2.1.3
2025-05-29 08:43:33,820 [INFO] startup: [OK] Plotly imported successfully
2025-05-29 08:43:33,820 [INFO] startup: [APP] Importing EnhancedRedditMentionTracker...
2025-05-29 08:43:33,883 [INFO] config.advanced_settings: Configuration loaded from environment variables
2025-05-29 08:43:34,819 [INFO] monitoring.system_monitor: Registered health check: system_resources
2025-05-29 08:43:34,819 [INFO] monitoring.system_monitor: Registered health check: database_connection
2025-05-29 08:43:34,819 [INFO] monitoring.system_monitor: Registered health check: redis_connection
2025-05-29 08:43:34,980 [INFO] monitoring.system_monitor: Registered health check: disk_space
2025-05-29 08:43:34,980 [INFO] monitoring.system_monitor: Registered health check: network_connectivity
2025-05-29 08:43:39,930 [INFO] database.cache_manager: Redis cache connected successfully
2025-05-29 08:43:39,955 [INFO] database.cache_manager: Redis cache connected successfully
2025-05-29 08:43:39,955 [INFO] scraper.reddit_scraper: Cache manager enabled
2025-05-29 08:43:39,955 [INFO] scraper.reddit_scraper: Real-time monitoring enabled
2025-05-29 08:43:39,955 [WARNING] analytics.advanced_sentiment: Transformers not available, falling back to TextBlob only
2025-05-29 08:43:39,969 [INFO] startup: [OK] EnhancedRedditMentionTracker imported successfully
2025-05-29 08:43:39,969 [INFO] startup: [CREATE] Creating Reddit Mention Tracker instance...
